# JRE version: OpenJDK Runtime Environment Microsoft-25199 (11.0.12+7) (build 11.0.12+7)
# Java VM: OpenJDK 64-Bit Server VM Microsoft-25199 (11.0.12+7, mixed mode, tiered, compressed oops, g1 gc, windows-amd64)
Heap:
 garbage-first heap   total 260096K, used 39485K [0x00000000a0000000, 0x0000000100000000)
  region size 1024K, 22 young (22528K), 3 survivors (3072K)
 Metaspace       used 22101K, capacity 22649K, committed 22908K, reserved 1069056K
  class space    used 2644K, capacity 2844K, committed 2944K, reserved 1048576K
GC Heap History (6 events):
Event: 0.677 GC heap before
{Heap before GC invocations=0 (full 0):
 garbage-first heap   total 260096K, used 23552K [0x00000000a0000000, 0x0000000100000000)
  region size 1024K, 24 young (24576K), 0 survivors (0K)
 Metaspace       used 7257K, capacity 7373K, committed 7680K, reserved 1056768K
  class space    used 635K, capacity 689K, committed 768K, reserved 1048576K
}
Event: 0.679 GC heap after
{Heap after GC invocations=1 (full 0):
 garbage-first heap   total 260096K, used 2012K [0x00000000a0000000, 0x0000000100000000)
  region size 1024K, 2 young (2048K), 2 survivors (2048K)
 Metaspace       used 7257K, capacity 7373K, committed 7680K, reserved 1056768K
  class space    used 635K, capacity 689K, committed 768K, reserved 1048576K
}
Event: 2.548 GC heap before
{Heap before GC invocations=1 (full 0):
 garbage-first heap   total 260096K, used 160732K [0x00000000a0000000, 0x0000000100000000)
  region size 1024K, 152 young (155648K), 2 survivors (2048K)
 Metaspace       used 15318K, capacity 15734K, committed 16000K, reserved 1062912K
  class space    used 1683K, capacity 1796K, committed 1920K, reserved 1048576K
}
Event: 2.556 GC heap after
{Heap after GC invocations=2 (full 0):
 garbage-first heap   total 260096K, used 19507K [0x00000000a0000000, 0x0000000100000000)
  region size 1024K, 15 young (15360K), 15 survivors (15360K)
 Metaspace       used 15318K, capacity 15734K, committed 16000K, reserved 1062912K
  class space    used 1683K, capacity 1796K, committed 1920K, reserved 1048576K
}
Event: 4.313 GC heap before
{Heap before GC invocations=2 (full 0):
 garbage-first heap   total 260096K, used 64563K [0x00000000a0000000, 0x0000000100000000)
  region size 1024K, 60 young (61440K), 15 survivors (15360K)
 Metaspace       used 20754K, capacity 21196K, committed 21248K, reserved 1069056K
  class space    used 2405K, capacity 2545K, committed 2560K, reserved 1048576K
}
Event: 4.323 GC heap after
{Heap after GC invocations=3 (full 0):
 garbage-first heap   total 260096K, used 21053K [0x00000000a0000000, 0x0000000100000000)
  region size 1024K, 3 young (3072K), 3 survivors (3072K)
 Metaspace       used 20754K, capacity 21196K, committed 21248K, reserved 1069056K
  class space    used 2405K, capacity 2545K, committed 2560K, reserved 1048576K
}

