# JRE version: OpenJDK Runtime Environment Microsoft-25199 (11.0.12+7) (build 11.0.12+7)
# Java VM: OpenJDK 64-Bit Server VM Microsoft-25199 (11.0.12+7, mixed mode, tiered, compressed oops, g1 gc, windows-amd64)
Heap:
 garbage-first heap   total 260096K, used 74862K [0x00000000a0000000, 0x0000000100000000)
  region size 1024K, 30 young (30720K), 9 survivors (9216K)
 Metaspace       used 67986K, capacity 70157K, committed 70484K, reserved 1110016K
  class space    used 8774K, capacity 9504K, committed 9600K, reserved 1048576K
GC Heap History (14 events):
Event: 1.028 GC heap before
{Heap before GC invocations=0 (full 0):
 garbage-first heap   total 260096K, used 26624K [0x00000000a0000000, 0x0000000100000000)
  region size 1024K, 24 young (24576K), 0 survivors (0K)
 Metaspace       used 9101K, capacity 9298K, committed 9472K, reserved 1058816K
  class space    used 872K, capacity 928K, committed 1024K, reserved 1048576K
}
Event: 1.035 GC heap after
{Heap after GC invocations=1 (full 0):
 garbage-first heap   total 260096K, used 9252K [0x00000000a0000000, 0x0000000100000000)
  region size 1024K, 3 young (3072K), 3 survivors (3072K)
 Metaspace       used 9101K, capacity 9298K, committed 9472K, reserved 1058816K
  class space    used 872K, capacity 928K, committed 1024K, reserved 1048576K
}
Event: 4.512 GC heap before
{Heap before GC invocations=1 (full 0):
 garbage-first heap   total 260096K, used 130084K [0x00000000a0000000, 0x0000000100000000)
  region size 1024K, 122 young (124928K), 3 survivors (3072K)
 Metaspace       used 20805K, capacity 21223K, committed 21296K, reserved 1069056K
  class space    used 2503K, capacity 2665K, committed 2688K, reserved 1048576K
}
Event: 4.525 GC heap after
{Heap after GC invocations=2 (full 0):
 garbage-first heap   total 260096K, used 17709K [0x00000000a0000000, 0x0000000100000000)
  region size 1024K, 12 young (12288K), 12 survivors (12288K)
 Metaspace       used 20805K, capacity 21223K, committed 21296K, reserved 1069056K
  class space    used 2503K, capacity 2665K, committed 2688K, reserved 1048576K
}
Event: 4.900 GC heap before
{Heap before GC invocations=3 (full 0):
 garbage-first heap   total 260096K, used 54573K [0x00000000a0000000, 0x0000000100000000)
  region size 1024K, 49 young (50176K), 12 survivors (12288K)
 Metaspace       used 23739K, capacity 24279K, committed 24368K, reserved 1071104K
  class space    used 3023K, capacity 3194K, committed 3200K, reserved 1048576K
}
Event: 4.906 GC heap after
{Heap after GC invocations=4 (full 0):
 garbage-first heap   total 260096K, used 18695K [0x00000000a0000000, 0x0000000100000000)
  region size 1024K, 2 young (2048K), 2 survivors (2048K)
 Metaspace       used 23739K, capacity 24279K, committed 24368K, reserved 1071104K
  class space    used 3023K, capacity 3194K, committed 3200K, reserved 1048576K
}
Event: 6.305 GC heap before
{Heap before GC invocations=4 (full 0):
 garbage-first heap   total 260096K, used 131335K [0x00000000a0000000, 0x0000000100000000)
  region size 1024K, 114 young (116736K), 2 survivors (2048K)
 Metaspace       used 34790K, capacity 35791K, committed 35920K, reserved 1081344K
  class space    used 4674K, capacity 5067K, committed 5120K, reserved 1048576K
}
Event: 6.315 GC heap after
{Heap after GC invocations=5 (full 0):
 garbage-first heap   total 260096K, used 23998K [0x00000000a0000000, 0x0000000100000000)
  region size 1024K, 7 young (7168K), 7 survivors (7168K)
 Metaspace       used 34790K, capacity 35791K, committed 35920K, reserved 1081344K
  class space    used 4674K, capacity 5067K, committed 5120K, reserved 1048576K
}
Event: 8.135 GC heap before
{Heap before GC invocations=6 (full 0):
 garbage-first heap   total 260096K, used 164286K [0x00000000a0000000, 0x0000000100000000)
  region size 1024K, 140 young (143360K), 7 survivors (7168K)
 Metaspace       used 48784K, capacity 50135K, committed 50384K, reserved 1093632K
  class space    used 6237K, capacity 6724K, committed 6784K, reserved 1048576K
}
Event: 8.145 GC heap after
{Heap after GC invocations=7 (full 0):
 garbage-first heap   total 260096K, used 34125K [0x00000000a0000000, 0x0000000100000000)
  region size 1024K, 17 young (17408K), 17 survivors (17408K)
 Metaspace       used 48784K, capacity 50135K, committed 50384K, reserved 1093632K
  class space    used 6237K, capacity 6724K, committed 6784K, reserved 1048576K
}
Event: 10.090 GC heap before
{Heap before GC invocations=7 (full 0):
 garbage-first heap   total 260096K, used 174413K [0x00000000a0000000, 0x0000000100000000)
  region size 1024K, 152 young (155648K), 17 survivors (17408K)
 Metaspace       used 56479K, capacity 58367K, committed 58448K, reserved 1099776K
  class space    used 7256K, capacity 7877K, committed 7936K, reserved 1048576K
}
Event: 10.102 GC heap after
{Heap after GC invocations=8 (full 0):
 garbage-first heap   total 260096K, used 46127K [0x00000000a0000000, 0x0000000100000000)
  region size 1024K, 11 young (11264K), 11 survivors (11264K)
 Metaspace       used 56479K, capacity 58367K, committed 58448K, reserved 1099776K
  class space    used 7256K, capacity 7877K, committed 7936K, reserved 1048576K
}
Event: 10.300 GC heap before
{Heap before GC invocations=8 (full 0):
 garbage-first heap   total 260096K, used 58415K [0x00000000a0000000, 0x0000000100000000)
  region size 1024K, 24 young (24576K), 11 survivors (11264K)
 Metaspace       used 58143K, capacity 60071K, committed 60240K, reserved 1101824K
  class space    used 7435K, capacity 8078K, committed 8192K, reserved 1048576K
}
Event: 10.307 GC heap after
{Heap after GC invocations=9 (full 0):
 garbage-first heap   total 260096K, used 46127K [0x00000000a0000000, 0x0000000100000000)
  region size 1024K, 11 young (11264K), 11 survivors (11264K)
 Metaspace       used 58143K, capacity 60071K, committed 60240K, reserved 1101824K
  class space    used 7435K, capacity 8078K, committed 8192K, reserved 1048576K
}

